<?xml version="1.0" encoding="UTF-8"?>
<!-- Generated by org.testng.reporters.JUnitXMLReporter -->
<testsuite ignored="0" hostname="MaheshGHuddar" failures="0" tests="11" name="Test" time="39.877" errors="0" timestamp="2024-10-06T21:17:56 IST">
  <testcase classname="testCases.logoandtitle" name="logotitlecheck" time="0.1"/>
  <testcase classname="testCases.T002_mainbartest" name="maintitlecheck" time="0.393"/>
  <testcase classname="testCases.T003_hoveraction" name="ha" time="22.262"/>
  <testcase classname="testCases.T004_Tutorialsubnames" name="tutorial" time="0.386"/>
  <testcase classname="testCases.T004_Tutorialsubnames" name="project" time="0.179"/>
  <testcase classname="testCases.T004_Tutorialsubnames" name="firstyear" time="0.198"/>
  <testcase classname="testCases.T004_Tutorialsubnames" name="CSE_notes" time="0.17"/>
  <testcase classname="testCases.T004_Tutorialsubnames" name="ECE_notes" time="0.156"/>
  <testcase classname="testCases.T004_Tutorialsubnames" name="ME_notes" time="0.145"/>
  <testcase classname="testCases.T004_Tutorialsubnames" name="EE_notes" time="0.212"/>
  <testcase classname="testCases.T004_Tutorialsubnames" name="QPS" time="0.293"/>
</testsuite> <!-- Test -->
