<?xml version="1.0" encoding="UTF-8"?>
<!-- Generated by org.testng.reporters.JUnitXMLReporter -->
<testsuite ignored="7" hostname="MaheshGHuddar" failures="0" tests="1" name="Test(failed)" time="24.626" errors="0" timestamp="2024-10-05T11:24:30 IST">
  <testcase classname="testCases.T004_Tutorialsubnames" name="tutorial" time="0.347"/>
  <testcase classname="testCases.T004_Tutorialsubnames" name="project" time="0.0">
    <ignored/>
  </testcase> <!-- project -->
  <testcase classname="testCases.T004_Tutorialsubnames" name="EE_notes" time="0.0">
    <ignored/>
  </testcase> <!-- EE_notes -->
  <testcase classname="testCases.T004_Tutorialsubnames" name="ME_notes" time="0.0">
    <ignored/>
  </testcase> <!-- ME_notes -->
  <testcase classname="testCases.T004_Tutorialsubnames" name="CSE_notes" time="0.0">
    <ignored/>
  </testcase> <!-- CSE_notes -->
  <testcase classname="testCases.T004_Tutorialsubnames" name="firstyear" time="0.0">
    <ignored/>
  </testcase> <!-- firstyear -->
  <testcase classname="testCases.T004_Tutorialsubnames" name="QPS" time="0.0">
    <ignored/>
  </testcase> <!-- QPS -->
  <testcase classname="testCases.T004_Tutorialsubnames" name="ECE_notes" time="0.0">
    <ignored/>
  </testcase> <!-- ECE_notes -->
</testsuite> <!-- Test(failed) -->
