<?xml version="1.0" encoding="UTF-8"?>
<testsuite xmlns:xsi="http://www.w3.org/2001/XMLSchema-instance" xsi:noNamespaceSchemaLocation="https://maven.apache.org/surefire/maven-surefire-plugin/xsd/surefire-test-report.xsd" version="3.0.2" name="TestSuite" time="40.802" tests="11" errors="0" skipped="0" failures="0">
  <properties>
[...]
</properties>
  <testcase name="logotitlecheck" classname="testCases.logoandtitle" time="0.175">
    <system-out><![CDATA[title is Download Final Year Projects - VTUPulse
]]></system-out>
    <system-err><![CDATA[SLF4J: Failed to load class "org.slf4j.impl.StaticLoggerBinder".
SLF4J: Defaulting to no-operation (NOP) logger implementation
SLF4J: See http://www.slf4j.org/codes.html#StaticLoggerBinder for further details.
]]></system-err>
  </testcase>
  <testcase name="maintitlecheck" classname="testCases.T002_mainbartest" time="0.393">
    <system-out><![CDATA[text Tutorial is same
text Projects is same
text 1st Year is same
text CSE Notes is same
text ECE Notes is same
text ME Notes is same
text EE & CV Notes is same
text QPs is same
]]></system-out>
  </testcase>
  <testcase name="ha" classname="testCases.T003_hoveraction" time="22.257"/>
  <testcase name="tutorial" classname="testCases.T004_Tutorialsubnames" time="0.385">
    <system-out><![CDATA[C++ Programs
Computer Graphics
Python Tutorial
Julia Tutorial
Big Data Analytics Tutorial
Machine Learning
Artificial Intelligence
PERL
]]></system-out>
  </testcase>
  <testcase name="project" classname="testCases.T004_Tutorialsubnames" time="0.179">
    <system-out><![CDATA[Computer Graphics Mini Project
Download Final Year Projects
Web DBMS Mini Project
]]></system-out>
  </testcase>
  <testcase name="firstyear" classname="testCases.T004_Tutorialsubnames" time="0.198">
    <system-out><![CDATA[2021 Scheme First Year VTU Notes
2018 Scheme P-Cycle Notes
2018 Scheme C-Cycle Notes
]]></system-out>
  </testcase>
  <testcase name="CSE_notes" classname="testCases.T004_Tutorialsubnames" time="0.17">
    <system-out><![CDATA[2017 & 2015 Scheme CSE Notes
2018 Scheme CSE Notes
]]></system-out>
  </testcase>
  <testcase name="ECE_notes" classname="testCases.T004_Tutorialsubnames" time="0.159">
    <system-out><![CDATA[2017 & 2015 Scheme ECE Notes
2018 Scheme ECE Notes
]]></system-out>
  </testcase>
  <testcase name="ME_notes" classname="testCases.T004_Tutorialsubnames" time="0.145">
    <system-out><![CDATA[2015 & 2017 Scheme ME Notes
2018 Scheme ME Notes
]]></system-out>
  </testcase>
  <testcase name="EE_notes" classname="testCases.T004_Tutorialsubnames" time="0.212">
    <system-out><![CDATA[2017 & 2015 Scheme EEE Notes
2018 Scheme EEE Notes
2017 & 20115 Scheme Civil Notes
2018 Scheme Civil Notes
]]></system-out>
  </testcase>
  <testcase name="QPS" classname="testCases.T004_Tutorialsubnames" time="0.295">
    <system-out><![CDATA[First Year VTU Question Papers
CSE VTU Question Papers
EEE VTU Question Papers
ECE VTU Question Papers
ME VTU Question Papers
Civil VTU Question Papers
]]></system-out>
  </testcase>
</testsuite>